# JRE version: OpenJDK Runtime Environment (8.0_242-b01) (build 1.8.0_242-release-1644-b01)
# Java VM: OpenJDK 64-Bit Server VM (25.242-b01 mixed mode windows-amd64 compressed oops)
Heap:
 PSYoungGen      total 110080K, used 32015K [0x00000000d5580000, 0x00000000dd500000, 0x0000000100000000)
  eden space 103936K, 24% used [0x00000000d5580000,0x00000000d6edfbf0,0x00000000dbb00000)
  from space 6144K, 98% used [0x00000000dcf00000,0x00000000dd4e40e8,0x00000000dd500000)
  to   space 10752K, 0% used [0x00000000dc000000,0x00000000dc000000,0x00000000dca80000)
 ParOldGen       total 71168K, used 14731K [0x0000000080000000, 0x0000000084580000, 0x00000000d5580000)
  object space 71168K, 20% used [0x0000000080000000,0x0000000080e62c90,0x0000000084580000)
 Metaspace       used 38584K, capacity 40190K, committed 40408K, reserved 1083392K
  class space    used 5247K, capacity 5552K, committed 5632K, reserved 1048576K
GC Heap History (10 events):
Event: 25.243 GC heap before
{Heap before GC invocations=8 (full 1):
 PSYoungGen      total 54272K, used 51130K [0x00000000d5580000, 0x00000000dbd80000, 0x0000000100000000)
  eden space 46080K, 100% used [0x00000000d5580000,0x00000000d8280000,0x00000000d8280000)
  from space 8192K, 61% used [0x00000000d8d80000,0x00000000d926e8b0,0x00000000d9580000)
  to   space 11264K, 0% used [0x00000000d8280000,0x00000000d8280000,0x00000000d8d80000)
 ParOldGen       total 71168K, used 7088K [0x0000000080000000, 0x0000000084580000, 0x00000000d5580000)
  object space 71168K, 9% used [0x0000000080000000,0x00000000806ec300,0x0000000084580000)
 Metaspace       used 31055K, capacity 32008K, committed 32128K, reserved 1077248K
  class space    used 4205K, capacity 4433K, committed 4480K, reserved 1048576K
Event: 25.271 GC heap after
Heap after GC invocations=8 (full 1):
 PSYoungGen      total 57344K, used 7489K [0x00000000d5580000, 0x00000000db680000, 0x0000000100000000)
  eden space 46080K, 0% used [0x00000000d5580000,0x00000000d5580000,0x00000000d8280000)
  from space 11264K, 66% used [0x00000000d8280000,0x00000000d89d07c0,0x00000000d8d80000)
  to   space 10752K, 0% used [0x00000000dac00000,0x00000000dac00000,0x00000000db680000)
 ParOldGen       total 71168K, used 7096K [0x0000000080000000, 0x0000000084580000, 0x00000000d5580000)
  object space 71168K, 9% used [0x0000000080000000,0x00000000806ee300,0x0000000084580000)
 Metaspace       used 31055K, capacity 32008K, committed 32128K, reserved 1077248K
  class space    used 4205K, capacity 4433K, committed 4480K, reserved 1048576K
}
Event: 27.320 GC heap before
{Heap before GC invocations=9 (full 1):
 PSYoungGen      total 57344K, used 53569K [0x00000000d5580000, 0x00000000db680000, 0x0000000100000000)
  eden space 46080K, 100% used [0x00000000d5580000,0x00000000d8280000,0x00000000d8280000)
  from space 11264K, 66% used [0x00000000d8280000,0x00000000d89d07c0,0x00000000d8d80000)
  to   space 10752K, 0% used [0x00000000dac00000,0x00000000dac00000,0x00000000db680000)
 ParOldGen       total 71168K, used 7096K [0x0000000080000000, 0x0000000084580000, 0x00000000d5580000)
  object space 71168K, 9% used [0x0000000080000000,0x00000000806ee300,0x0000000084580000)
 Metaspace       used 33384K, capacity 34482K, committed 34560K, reserved 1079296K
  class space    used 4571K, capacity 4826K, committed 4864K, reserved 1048576K
Event: 27.369 GC heap after
Heap after GC invocations=9 (full 1):
 PSYoungGen      total 88064K, used 8713K [0x00000000d5580000, 0x00000000db880000, 0x0000000100000000)
  eden space 77312K, 0% used [0x00000000d5580000,0x00000000d5580000,0x00000000da100000)
  from space 10752K, 81% used [0x00000000dac00000,0x00000000db4824d8,0x00000000db680000)
  to   space 11264K, 0% used [0x00000000da100000,0x00000000da100000,0x00000000dac00000)
 ParOldGen       total 71168K, used 7104K [0x0000000080000000, 0x0000000084580000, 0x00000000d5580000)
  object space 71168K, 9% used [0x0000000080000000,0x00000000806f0300,0x0000000084580000)
 Metaspace       used 33384K, capacity 34482K, committed 34560K, reserved 1079296K
  class space    used 4571K, capacity 4826K, committed 4864K, reserved 1048576K
}
Event: 27.955 GC heap before
{Heap before GC invocations=10 (full 1):
 PSYoungGen      total 88064K, used 31207K [0x00000000d5580000, 0x00000000db880000, 0x0000000100000000)
  eden space 77312K, 29% used [0x00000000d5580000,0x00000000d6b77840,0x00000000da100000)
  from space 10752K, 81% used [0x00000000dac00000,0x00000000db4824d8,0x00000000db680000)
  to   space 11264K, 0% used [0x00000000da100000,0x00000000da100000,0x00000000dac00000)
 ParOldGen       total 71168K, used 7104K [0x0000000080000000, 0x0000000084580000, 0x00000000d5580000)
  object space 71168K, 9% used [0x0000000080000000,0x00000000806f0300,0x0000000084580000)
 Metaspace       used 34292K, capacity 35380K, committed 35416K, reserved 1079296K
  class space    used 4719K, capacity 4969K, committed 4992K, reserved 1048576K
Event: 27.985 GC heap after
Heap after GC invocations=10 (full 1):
 PSYoungGen      total 88576K, used 7011K [0x00000000d5580000, 0x00000000dd980000, 0x0000000100000000)
  eden space 77312K, 0% used [0x00000000d5580000,0x00000000d5580000,0x00000000da100000)
  from space 11264K, 62% used [0x00000000da100000,0x00000000da7d8dc8,0x00000000dac00000)
  to   space 10752K, 0% used [0x00000000dcf00000,0x00000000dcf00000,0x00000000dd980000)
 ParOldGen       total 71168K, used 8443K [0x0000000080000000, 0x0000000084580000, 0x00000000d5580000)
  object space 71168K, 11% used [0x0000000080000000,0x000000008083ece0,0x0000000084580000)
 Metaspace       used 34292K, capacity 35380K, committed 35416K, reserved 1079296K
  class space    used 4719K, capacity 4969K, committed 4992K, reserved 1048576K
}
Event: 27.986 GC heap before
{Heap before GC invocations=11 (full 2):
 PSYoungGen      total 88576K, used 7011K [0x00000000d5580000, 0x00000000dd980000, 0x0000000100000000)
  eden space 77312K, 0% used [0x00000000d5580000,0x00000000d5580000,0x00000000da100000)
  from space 11264K, 62% used [0x00000000da100000,0x00000000da7d8dc8,0x00000000dac00000)
  to   space 10752K, 0% used [0x00000000dcf00000,0x00000000dcf00000,0x00000000dd980000)
 ParOldGen       total 71168K, used 8443K [0x0000000080000000, 0x0000000084580000, 0x00000000d5580000)
  object space 71168K, 11% used [0x0000000080000000,0x000000008083ece0,0x0000000084580000)
 Metaspace       used 34292K, capacity 35380K, committed 35416K, reserved 1079296K
  class space    used 4719K, capacity 4969K, committed 4992K, reserved 1048576K
Event: 28.170 GC heap after
Heap after GC invocations=11 (full 2):
 PSYoungGen      total 88576K, used 0K [0x00000000d5580000, 0x00000000dd980000, 0x0000000100000000)
  eden space 77312K, 0% used [0x00000000d5580000,0x00000000d5580000,0x00000000da100000)
  from space 11264K, 0% used [0x00000000da100000,0x00000000da100000,0x00000000dac00000)
  to   space 10752K, 0% used [0x00000000dcf00000,0x00000000dcf00000,0x00000000dd980000)
 ParOldGen       total 71168K, used 14723K [0x0000000080000000, 0x0000000084580000, 0x00000000d5580000)
  object space 71168K, 20% used [0x0000000080000000,0x0000000080e60c90,0x0000000084580000)
 Metaspace       used 34292K, capacity 35380K, committed 35416K, reserved 1079296K
  class space    used 4719K, capacity 4969K, committed 4992K, reserved 1048576K
}
Event: 44.835 GC heap before
{Heap before GC invocations=12 (full 2):
 PSYoungGen      total 88576K, used 77312K [0x00000000d5580000, 0x00000000dd980000, 0x0000000100000000)
  eden space 77312K, 100% used [0x00000000d5580000,0x00000000da100000,0x00000000da100000)
  from space 11264K, 0% used [0x00000000da100000,0x00000000da100000,0x00000000dac00000)
  to   space 10752K, 0% used [0x00000000dcf00000,0x00000000dcf00000,0x00000000dd980000)
 ParOldGen       total 71168K, used 14723K [0x0000000080000000, 0x0000000084580000, 0x00000000d5580000)
  object space 71168K, 20% used [0x0000000080000000,0x0000000080e60c90,0x0000000084580000)
 Metaspace       used 36424K, capacity 37882K, committed 38104K, reserved 1081344K
  class space    used 4994K, capacity 5292K, committed 5376K, reserved 1048576K
Event: 44.858 GC heap after
Heap after GC invocations=12 (full 2):
 PSYoungGen      total 110080K, used 6032K [0x00000000d5580000, 0x00000000dd500000, 0x0000000100000000)
  eden space 103936K, 0% used [0x00000000d5580000,0x00000000d5580000,0x00000000dbb00000)
  from space 6144K, 98% used [0x00000000dcf00000,0x00000000dd4e40e8,0x00000000dd500000)
  to   space 10752K, 0% used [0x00000000dc000000,0x00000000dc000000,0x00000000dca80000)
 ParOldGen       total 71168K, used 14731K [0x0000000080000000, 0x0000000084580000, 0x00000000d5580000)
  object space 71168K, 20% used [0x0000000080000000,0x0000000080e62c90,0x0000000084580000)
 Metaspace       used 36424K, capacity 37882K, committed 38104K, reserved 1081344K
  class space    used 4994K, capacity 5292K, committed 5376K, reserved 1048576K
}

